<?xml version="1.0" encoding="UTF-8"?>
<testsuite name="HoppityHuntTest" tests="4" skipped="0" failures="0" errors="0" timestamp="2026-07-26T14:00:29.818Z" hostname="TORNI-UKKO" time="0.151">
  <properties/>
  <testcase name="reads the rarity out of the decorated, formatted payload" classname="HoppityHuntTest" time="0.149"/>
  <testcase name="reads the rarity off the scanner payload" classname="HoppityHuntTest" time="0.0"/>
  <testcase name="is null for anything that is not a rabbit payload" classname="HoppityHuntTest" time="0.001"/>
  <testcase name="colours the body by SkyBlock rarity" classname="HoppityHuntTest" time="0.001"/>
  <system-out><![CDATA[]]></system-out>
  <system-err><![CDATA[]]></system-err>
</testsuite>
